2024-09-11 15:58:00,261: PyTorch version: 2.0.1
2024-09-11 15:58:00,261: CUDA version: 11.7
2024-09-11 15:58:00,261: 1 GPUs, default cuda:0
2024-09-11 15:58:00,262: {'audio_sampling_rate': 26666,
 'batch_size': 128,
 'block_depth': 8,
 'checkpoint': '',
 'classifier_free': True,
 'config': 'config/pose_diffusion.yml',
 'diff_hidden_dim': 256,
 'epochs': 500,
 'eval_net_path': 'output/train_h36m_gesture_autoencoder/gesture_autoencoder_checkpoint_best.bin',
 'hidden_size': 300,
 'input_context': 'audio',
 'k': 49,
 'latent_dim': 128,
 'learning_rate': 0.0005,
 'loader_workers': 4,
 'loss_dist': True,
 'loss_noise': True,
 'loss_pos': True,
 'mode': 'full',
 'model': 'pose_diffusion',
 'model_save_path': 'output/train',
 'motion_resampling_framerate': 25,
 'n_poses': 34,
 'n_pre_poses': 4,
 'name': 'pose_diffusion',
 'normalize': True,
 'null_cond_prob': 0.1,
 'pose_dim': 100,
 'pose_representation': '3d_vec',
 'random_seed': -1,
 'save_result_video': True,
 'subdivision_stride': 10,
 'test_data_path': ['dataset/tpsm_test'],
 'train_data_path': ['dataset/tpsm_train'],
 'val_data_path': ['dataset/tpsm_val']}
2024-09-11 15:59:09,767: PyTorch version: 2.0.1
2024-09-11 15:59:09,767: CUDA version: 11.7
2024-09-11 15:59:09,768: 1 GPUs, default cuda:0
2024-09-11 15:59:09,768: {'audio_sampling_rate': 26666,
 'batch_size': 128,
 'block_depth': 8,
 'checkpoint': '',
 'classifier_free': True,
 'config': 'config/pose_diffusion.yml',
 'diff_hidden_dim': 256,
 'epochs': 500,
 'eval_net_path': 'output/train_h36m_gesture_autoencoder/gesture_autoencoder_checkpoint_best.bin',
 'hidden_size': 300,
 'input_context': 'audio',
 'k': 49,
 'latent_dim': 128,
 'learning_rate': 0.0005,
 'loader_workers': 4,
 'loss_dist': True,
 'loss_noise': True,
 'loss_pos': True,
 'mode': 'full',
 'model': 'pose_diffusion',
 'model_save_path': 'output/train',
 'motion_resampling_framerate': 25,
 'n_poses': 34,
 'n_pre_poses': 4,
 'name': 'pose_diffusion',
 'normalize': True,
 'null_cond_prob': 0.1,
 'pose_dim': 100,
 'pose_representation': '3d_vec',
 'random_seed': -1,
 'save_result_video': True,
 'subdivision_stride': 10,
 'test_data_path': ['dataset/tpsm_test'],
 'train_data_path': ['dataset/tpsm_train'],
 'val_data_path': ['dataset/tpsm_val']}
2024-09-11 15:59:16,127: PyTorch version: 2.0.1
2024-09-11 15:59:16,127: CUDA version: 11.7
2024-09-11 15:59:16,128: 1 GPUs, default cuda:0
2024-09-11 15:59:16,128: {'audio_sampling_rate': 26666,
 'batch_size': 128,
 'block_depth': 8,
 'checkpoint': '',
 'classifier_free': True,
 'config': 'config/pose_diffusion.yml',
 'diff_hidden_dim': 256,
 'epochs': 500,
 'eval_net_path': 'output/train_h36m_gesture_autoencoder/gesture_autoencoder_checkpoint_best.bin',
 'hidden_size': 300,
 'input_context': 'audio',
 'k': 49,
 'latent_dim': 128,
 'learning_rate': 0.0005,
 'loader_workers': 4,
 'loss_dist': True,
 'loss_noise': True,
 'loss_pos': True,
 'mode': 'full',
 'model': 'pose_diffusion',
 'model_save_path': 'output/train',
 'motion_resampling_framerate': 25,
 'n_poses': 34,
 'n_pre_poses': 4,
 'name': 'pose_diffusion',
 'normalize': True,
 'null_cond_prob': 0.1,
 'pose_dim': 100,
 'pose_representation': '3d_vec',
 'random_seed': -1,
 'save_result_video': True,
 'subdivision_stride': 10,
 'test_data_path': ['dataset/tpsm_test'],
 'train_data_path': ['dataset/tpsm_train'],
 'val_data_path': ['dataset/tpsm_val']}
2024-09-11 16:02:29,353: PyTorch version: 2.0.1
2024-09-11 16:02:29,353: CUDA version: 11.7
2024-09-11 16:02:29,354: 1 GPUs, default cuda:0
2024-09-11 16:02:29,354: {'audio_sampling_rate': 26666,
 'batch_size': 128,
 'block_depth': 8,
 'checkpoint': '',
 'classifier_free': True,
 'config': 'config/pose_diffusion.yml',
 'diff_hidden_dim': 256,
 'epochs': 500,
 'eval_net_path': 'output/train_h36m_gesture_autoencoder/gesture_autoencoder_checkpoint_best.bin',
 'hidden_size': 300,
 'input_context': 'audio',
 'k': 49,
 'latent_dim': 128,
 'learning_rate': 0.0005,
 'loader_workers': 4,
 'loss_dist': True,
 'loss_noise': True,
 'loss_pos': True,
 'mode': 'full',
 'model': 'pose_diffusion',
 'model_save_path': 'output/train',
 'motion_resampling_framerate': 25,
 'n_poses': 34,
 'n_pre_poses': 4,
 'name': 'pose_diffusion',
 'normalize': True,
 'null_cond_prob': 0.1,
 'pose_dim': 100,
 'pose_representation': '3d_vec',
 'random_seed': -1,
 'save_result_video': True,
 'subdivision_stride': 10,
 'test_data_path': ['dataset/tpsm_test'],
 'train_data_path': ['dataset/tpsm_train'],
 'val_data_path': ['dataset/tpsm_val']}
2024-09-11 16:02:29,355: Reading data 'dataset/tpsm_train'...
